<?xml version="1.0" encoding="utf-8"?><testsuites><testsuite name="pytest" errors="0" failures="2" skipped="0" tests="63" time="1165.900" timestamp="2024-01-22T11:59:44.148897" hostname="HeMan"><testcase classname="tests.analyses_test.test_analyses_page.TestAnalyses" name="test_check_analyses_title_visibility" file="tests\analyses_test\test_analyses_page.py" line="20" time="13.964"><properties><property name="testrail_result_comment" value="1. Logged in into application." /><property name="testrail_result_comment" value="2. Navigate to the Analyses feature." /><property name="testrail_result_comment" value="3. Check if the default title of the Analyses is visible." /><property name="testrail_result_comment" value="4. Verified default title of the Analyses is visible." /></properties></testcase><testcase classname="tests.analyses_test.test_analyses_page.TestAnalyses" name="test_settings_icon_visibility_under_analyses" file="tests\analyses_test\test_analyses_page.py" line="31" time="11.693"><properties><property name="testrail_result_comment" value="1. Logged in into application." /><property name="testrail_result_comment" value="2. Navigate to the Analyses module." /><property name="testrail_result_comment" value="3. Verified Setting Icon is visible under analyses page" /></properties></testcase><testcase classname="tests.analyses_test.test_analyses_page.TestAnalyses" name="test_analyses_settings_options" file="tests\analyses_test\test_analyses_page.py" line="39" time="20.093"><properties><property name="testrail_result_comment" value="1. Logged in into application." /><property name="testrail_result_comment" value="2. Navigate to the Analyses module." /><property name="testrail_result_comment" value="3. Click on Setting Icon" /><property name="testrail_result_comment" value="4. UnCheck Name check box" /><property name="testrail_result_comment" value="5. Refresh the Page" /><property name="testrail_result_comment" value="6. Verified Name column doesn't exist" /></properties></testcase><testcase classname="tests.analyses_test.test_analyses_page.TestAnalyses" name="test_default_view_displays_analyses" file="tests\analyses_test\test_analyses_page.py" line="53" time="11.378"><properties><property name="testrail_result_comment" value="1. Logged in into application." /><property name="testrail_result_comment" value="2. Navigate to the Analyses module." /><property name="testrail_result_comment" value="3. Verified Analyses details visible" /></properties></testcase><testcase classname="tests.analyses_test.test_analyses_page.TestAnalyses" name="test_search_field_with_valid_name" file="tests\analyses_test\test_analyses_page.py" line="60" time="16.822"><properties><property name="testrail_result_comment" value="1. Logged in into application." /><property name="testrail_result_comment" value="2. Navigate to the Analyses module." /><property name="testrail_result_comment" value="3. Search for the term 'test'." /></properties></testcase><testcase classname="tests.analyses_test.test_analyses_page.TestAnalyses" name="test_invalid_search_in_search_field" file="tests\analyses_test\test_analyses_page.py" line="79" time="18.531"><properties><property name="testrail_result_comment" value="1. Logged in into application." /><property name="testrail_result_comment" value="2. Navigate to the Analyses module." /><property name="testrail_result_comment" value="Testing invalid search with term 'invalid_search'." /></properties></testcase><testcase classname="tests.analysis_templates_test.test_alphanumeric_options.TestAnalysisTemplates" name="test_verify_svg_fill_attribute_after_click_on_make_standard" file="tests\analysis_templates_test\test_alphanumeric_options.py" line="18" time="12.297"><properties><property name="testrail_result_comment" value="1. Logged in into application." /><property name="testrail_result_comment" value="2. Navigate to the Analysis templates module." /><property name="testrail_result_comment" value="3. Initiate Analysis template Creation." /><property name="testrail_result_comment" value="4. Choose a template type (e.g., 96-well-plate)." /><property name="testrail_result_comment" value="5. User click on next button" /><property name="testrail_result_comment" value="6. Perform 'Make Standard' action" /><property name="testrail_result_comment" value="7. Verify SVG fill attribute after 'Make Standard' action" /></properties></testcase><testcase classname="tests.analysis_templates_test.test_alphanumeric_options.TestAnalysisTemplates" name="test_verify_svg_fill_attribute_after_click_on_make_unknown" file="tests\analysis_templates_test\test_alphanumeric_options.py" line="40" time="12.539"><properties><property name="testrail_result_comment" value="1. Logged in into application." /><property name="testrail_result_comment" value="2. Navigate to the Analysis templates module." /><property name="testrail_result_comment" value="3. Initiate Analysis template Creation." /><property name="testrail_result_comment" value="4. Choose a template type (e.g., 96-well-plate)." /><property name="testrail_result_comment" value="5. User click on next button" /><property name="testrail_result_comment" value="6. Perform 'Make Unknown' action" /><property name="testrail_result_comment" value="7. Verify SVG fill attribute after 'Make Unknown' action" /></properties></testcase><testcase classname="tests.analysis_templates_test.test_alphanumeric_options.TestAnalysisTemplates" name="test_verify_svg_fill_attribute_after_click_on_make_empty" file="tests\analysis_templates_test\test_alphanumeric_options.py" line="62" time="12.302"><properties><property name="testrail_result_comment" value="1. Logged in into application." /><property name="testrail_result_comment" value="2. Navigate to the Analysis templates module." /><property name="testrail_result_comment" value="3. Initiate Analysis template Creation." /><property name="testrail_result_comment" value="4. Choose a template type (e.g., 96-well-plate)." /><property name="testrail_result_comment" value="5. User click on next button" /><property name="testrail_result_comment" value="6. Perform 'Make Empty' action" /><property name="testrail_result_comment" value="7. Verify SVG fill attribute after 'Make Empty' action" /></properties></testcase><testcase classname="tests.analysis_templates_test.test_alphanumeric_options.TestAnalysisTemplates" name="test_verify_svg_fill_attribute_after_make_blank" file="tests\analysis_templates_test\test_alphanumeric_options.py" line="84" time="12.822"><properties><property name="testrail_result_comment" value="1. Logged in into application." /><property name="testrail_result_comment" value="2. Navigate to the Analysis templates module." /><property name="testrail_result_comment" value="3. Initiate Analysis template Creation." /><property name="testrail_result_comment" value="4. Choose a template type (e.g., 96-well-plate)." /><property name="testrail_result_comment" value="5. User click on next button" /><property name="testrail_result_comment" value="6. Perform 'Make Blank' action" /><property name="testrail_result_comment" value="7. Verify SVG fill attribute after 'Make Blank' action" /></properties></testcase><testcase classname="tests.analysis_templates_test.test_alphanumeric_options.TestAnalysisTemplates" name="test_clear_plate_chart" file="tests\analysis_templates_test\test_alphanumeric_options.py" line="106" time="19.384"><properties><property name="testrail_result_comment" value="1. Logged in into application." /><property name="testrail_result_comment" value="2. Navigate to the Analysis templates module." /><property name="testrail_result_comment" value="3. Initiate Analysis template Creation." /><property name="testrail_result_comment" value="4. Choose a template type (e.g., 96-well-plate)." /><property name="testrail_result_comment" value="5. User click on next button" /><property name="testrail_result_comment" value="7. select analysis templates platemap dropdown." /><property name="testrail_result_comment" value="7. Verify SVG fill attribute after 'Make Blank' action" /></properties></testcase><testcase classname="tests.analysis_templates_test.test_alphanumeric_options.TestAnalysisTemplates" name="test_verify_value_after_edit_wall_option" file="tests\analysis_templates_test\test_alphanumeric_options.py" line="131" time="36.456"><properties><property name="testrail_result_comment" value="1. Logged in into application." /><property name="testrail_result_comment" value="2. Navigate to the Analysis templates module." /><property name="testrail_result_comment" value="3. Initiate Analysis template Creation." /><property name="testrail_result_comment" value="4. Choose a template type (e.g., 96-well-plate)." /><property name="testrail_result_comment" value="5. User click on next button" /><property name="testrail_result_comment" value="6. Perform 'Edit Well' action" /></properties></testcase><testcase classname="tests.analysis_templates_test.test_alphanumeric_options.TestAnalysisTemplates" name="test_verify_fill_attribute_after_mark_standard_on_row_a" file="tests\analysis_templates_test\test_alphanumeric_options.py" line="158" time="13.077"><properties><property name="testrail_result_comment" value="1. Logged in into application." /><property name="testrail_result_comment" value="2. Navigate to the Analysis templates module." /><property name="testrail_result_comment" value="3. Initiate Analysis template Creation." /><property name="testrail_result_comment" value="4. Choose a template type (e.g., 96-well-plate)." /><property name="testrail_result_comment" value="5. User click on next button" /><property name="testrail_result_comment" value="6. Perform 'Make Standard' action" /></properties></testcase><testcase classname="tests.analysis_templates_test.test_alphanumeric_options.TestAnalysisTemplates" name="test_verify_fill_attribute_after_make_unknown_on_row_a" file="tests\analysis_templates_test\test_alphanumeric_options.py" line="181" time="12.506"><properties><property name="testrail_result_comment" value="1. Logged in into application." /><property name="testrail_result_comment" value="2. Navigate to the Analysis templates module." /><property name="testrail_result_comment" value="3. Initiate Analysis template Creation." /><property name="testrail_result_comment" value="4. Choose a template type (e.g., 96-well-plate)." /><property name="testrail_result_comment" value="5. User click on next button" /><property name="testrail_result_comment" value="6. Perform 'Make Unknown' action" /></properties></testcase><testcase classname="tests.analysis_templates_test.test_alphanumeric_options.TestAnalysisTemplates" name="test_verify_fill_attribute_after_make_blank_on_row_a" file="tests\analysis_templates_test\test_alphanumeric_options.py" line="204" time="12.698"><properties><property name="testrail_result_comment" value="1. Logged in into application." /><property name="testrail_result_comment" value="2. Navigate to the Analysis templates module." /><property name="testrail_result_comment" value="3. Initiate Analysis template Creation." /><property name="testrail_result_comment" value="4. Choose a template type (e.g., 96-well-plate)." /><property name="testrail_result_comment" value="5. User click on next button" /><property name="testrail_result_comment" value="6. Perform 'Make Blank' action" /></properties></testcase><testcase classname="tests.analysis_templates_test.test_alphanumeric_options.TestAnalysisTemplates" name="test_verify_fill_attribute_after_make_empty_on_row_a" file="tests\analysis_templates_test\test_alphanumeric_options.py" line="227" time="13.191"><properties><property name="testrail_result_comment" value="1. Logged in into application." /><property name="testrail_result_comment" value="2. Navigate to the Analysis templates module." /><property name="testrail_result_comment" value="3. Initiate Analysis template Creation." /><property name="testrail_result_comment" value="4. Choose a template type (e.g., 96-well-plate)." /><property name="testrail_result_comment" value="5. User click on next button" /><property name="testrail_result_comment" value="6. Perform 'Make Empty' action" /></properties></testcase><testcase classname="tests.analysis_templates_test.test_analysis_templates.TestAnalysisTemplates" name="test_check_analysis_templates_title_visibility" file="tests\analysis_templates_test\test_analysis_templates.py" line="19" time="13.203"><properties><property name="testrail_result_comment" value="1. Logged in into application." /><property name="testrail_result_comment" value="2. Navigate to the Analysis_Templates feature." /><property name="testrail_result_comment" value="3. Check if the default title of the Analysis_Templates is visible." /></properties></testcase><testcase classname="tests.analysis_templates_test.test_analysis_templates.TestAnalysisTemplates" name="test_view_analysis_templates_details" file="tests\analysis_templates_test\test_analysis_templates.py" line="32" time="13.090"><properties><property name="testrail_result_comment" value="1. Logged in into application." /><property name="testrail_result_comment" value="2.Navigate to the Analysis templates module." /><property name="testrail_result_comment" value="3.Date column is visible." /><property name="testrail_result_comment" value="4. Product column is visible." /><property name="testrail_result_comment" value="5. Protocol column is visible." /><property name="testrail_result_comment" value="6. Name column is visible." /></properties></testcase><testcase classname="tests.analysis_templates_test.test_analysis_templates.TestAnalysisTemplates" name="test_settings_options_visibility_under_analysis_template" file="tests\analysis_templates_test\test_analysis_templates.py" line="48" time="11.154"><properties><property name="testrail_result_comment" value="1. Logged in into application." /><property name="testrail_result_comment" value="2. Navigate to the Analysis templates module." /><property name="testrail_result_comment" value="3. Verified Setting Icon visible" /></properties></testcase><testcase classname="tests.analysis_templates_test.test_analysis_templates.TestAnalysisTemplates" name="test_analysis_templates_settings_options" file="tests\analysis_templates_test\test_analysis_templates.py" line="58" time="19.881"><properties><property name="testrail_result_comment" value="1. Logged in into application." /><property name="testrail_result_comment" value="2. Navigate to the Analysis templates module." /><property name="testrail_result_comment" value="3. Click on Setting Button" /><property name="testrail_result_comment" value="4. UnCheck Protocol check box" /><property name="testrail_result_comment" value="5. Refresh the Page" /><property name="testrail_result_comment" value="6. Verify Protocol column doesn't exist" /></properties></testcase><testcase classname="tests.analysis_templates_test.test_analysis_templates.TestAnalysisTemplates" name="test_default_view_displays_analysis_templates" file="tests\analysis_templates_test\test_analysis_templates.py" line="72" time="11.920"><properties><property name="testrail_result_comment" value="1. Logged in into application." /><property name="testrail_result_comment" value="2. Navigate to the Analysis templates module." /><property name="testrail_result_comment" value="3. Verify Analysis templates details visible" /></properties></testcase><testcase classname="tests.analysis_templates_test.test_analysis_templates.TestAnalysisTemplates" name="test_verify_product_availability_under_analysis_templates" file="tests\analysis_templates_test\test_analysis_templates.py" line="79" time="14.312"><properties><property name="testrail_result_comment" value="1. Logged in into application." /><property name="testrail_result_comment" value="2. Navigate to the Analysis templates module." /><property name="testrail_result_comment" value="3. Initiate Analysis template Creation." /></properties></testcase><testcase classname="tests.analysis_templates_test.test_analysis_templates.TestAnalysisTemplates" name="test_blank_analysis_templates_name_field" file="tests\analysis_templates_test\test_analysis_templates.py" line="94" time="19.916"><properties><property name="testrail_result_comment" value="1. Logged in into application." /><property name="testrail_result_comment" value="2. Navigate to the Analysis templates module." /><property name="testrail_result_comment" value="2. Initiate Analysis template Creation." /><property name="testrail_result_comment" value="3. Choose a template type (e.g., 96-well-plate)." /><property name="testrail_result_comment" value="4. User click on next button" /><property name="testrail_result_comment" value="5. Enter analysis templates name." /><property name="testrail_result_comment" value="6. Verified 'Next' button should not be enabled." /></properties></testcase><testcase classname="tests.analysis_templates_test.test_analysis_templates.TestAnalysisTemplates" name="test_verify_analysis_template_name_visible_in_review_page" file="tests\analysis_templates_test\test_analysis_templates.py" line="113" time="20.745"><properties><property name="testrail_result_comment" value="1. Logged in into application." /><property name="testrail_result_comment" value="2. Navigate to the Analysis templates module." /><property name="testrail_result_comment" value="3. Initiate Analysis template Creation." /><property name="testrail_result_comment" value="4. Choose a template type (e.g., 96-well-plate)." /><property name="testrail_result_comment" value="5. User click on next button" /><property name="testrail_result_comment" value="6. Enter analysis templates name." /><property name="testrail_result_comment" value="7. User click on next button" /><property name="testrail_result_comment" value="8. User click on next button" /><property name="testrail_result_comment" value="9. Verified name visible in review page" /></properties></testcase><testcase classname="tests.analysis_templates_test.test_analysis_templates.TestAnalysisTemplates" name="test_error_message_and_disabled_next_button_on_missing_standard_concentrations" file="tests\analysis_templates_test\test_analysis_templates.py" line="138" time="23.558"><properties><property name="testrail_result_comment" value="1. Logged in into application." /><property name="testrail_result_comment" value="2. Navigate to the Analysis templates module." /><property name="testrail_result_comment" value="3. Initiate Analysis template Creation." /><property name="testrail_result_comment" value="4. Choose a template type (e.g., 96-well-plate)." /><property name="testrail_result_comment" value="5. User click on next button" /><property name="testrail_result_comment" value="6. Enter analysis templates name." /><property name="testrail_result_comment" value="7. select analysis templates platemap dropdown." /><property name="testrail_result_comment" value="8. User click on next button" /><property name="testrail_result_comment" value="9. Clear 'standard dilution' and verify the error" /></properties></testcase><testcase classname="tests.analysis_templates_test.test_analysis_templates.TestAnalysisTemplates" name="test_go_back_to_dashboard_from_analysis_template_page" file="tests\analysis_templates_test\test_analysis_templates.py" line="168" time="15.752"><properties><property name="testrail_result_comment" value="1. Logged in into application." /><property name="testrail_result_comment" value="2. Navigate to the Analysis templates module." /><property name="testrail_result_comment" value="3. Click on 'back to dashboard' option." /><property name="testrail_result_comment" value="4. Verified User is successfully back to dashboard" /></properties></testcase><testcase classname="tests.analysis_templates_test.test_creation_flow.TestAnalysisTemplates" name="test_create_new_analysis_template_with_96_well_plate_product" file="tests\analysis_templates_test\test_creation_flow.py" line="18" time="24.471"><properties><property name="testrail_result_comment" value="1. Logged in into application." /><property name="testrail_result_comment" value="2. Navigate to the Analysis templates module." /><property name="testrail_result_comment" value="3. Initiate Analysis template Creation." /><property name="testrail_result_comment" value="4. Choose a template type (e.g., 96-well-plate)." /><property name="testrail_result_comment" value="5. User click on next button" /><property name="testrail_result_comment" value="6. Enter analysis templates name." /><property name="testrail_result_comment" value="7. User click on next button" /><property name="testrail_result_comment" value="8. User click on next button" /><property name="testrail_result_comment" value="9. User click on create button" /><property name="testrail_result_comment" value="10. Verify the created analysis template name." /></properties></testcase><testcase classname="tests.analysis_templates_test.test_creation_flow.TestAnalysisTemplates" name="test_create_new_analysis_template_with_v3_product" file="tests\analysis_templates_test\test_creation_flow.py" line="48" time="39.717"><properties><property name="testrail_result_comment" value="1. Logged in into application." /><property name="testrail_result_comment" value="2. Navigate to the Analysis templates module." /><property name="testrail_result_comment" value="3. Initiate Analysis template Creation." /><property name="testrail_result_comment" value="4. Choose a template type (e.g., v3_product)." /><property name="testrail_result_comment" value="5. User click on next button" /><property name="testrail_result_comment" value="6. Enter analysis templates name." /><property name="testrail_result_comment" value="7. User click on next button" /><property name="testrail_result_comment" value="8. User click on next button" /><property name="testrail_result_comment" value="9. User click on create button" /><property name="testrail_result_comment" value="10. Verify the created analysis template name." /><property name="testrail_result_comment" value="11.Get the name of the first scan." /><property name="testrail_result_comment" value="12.delete first created analysis template." /><property name="testrail_result_comment" value="13.Verify that the deleted analysis template is not present." /></properties></testcase><testcase classname="tests.analysis_templates_test.test_creation_flow.TestAnalysisTemplates" name="test_create_new_analysis_template_with_v2_product" file="tests\analysis_templates_test\test_creation_flow.py" line="85" time="39.620"><properties><property name="testrail_result_comment" value="1. Logged in into application." /><property name="testrail_result_comment" value="2. Navigate to the Analysis templates module." /><property name="testrail_result_comment" value="3. Initiate Analysis template Creation." /><property name="testrail_result_comment" value="4. Choose a template type (e.g., v2_product)." /><property name="testrail_result_comment" value="5. User click on next button" /><property name="testrail_result_comment" value="6. Enter analysis templates name." /><property name="testrail_result_comment" value="7. User click on next button" /><property name="testrail_result_comment" value="8. User click on next button" /><property name="testrail_result_comment" value="9. User click on create button" /><property name="testrail_result_comment" value="10. Verify the created analysis template name." /><property name="testrail_result_comment" value="11.Get the name of the first scan." /><property name="testrail_result_comment" value="12.delete first created analysis template." /><property name="testrail_result_comment" value="13.Verify that the deleted analysis template is not present." /></properties></testcase><testcase classname="tests.analysis_templates_test.test_creation_flow.TestAnalysisTemplates" name="test_create_new_analysis_template_with_v31_product" file="tests\analysis_templates_test\test_creation_flow.py" line="122" time="45.988"><properties><property name="testrail_result_comment" value="1. Logged in into application." /><property name="testrail_result_comment" value="2. Navigate to the Analysis templates module." /><property name="testrail_result_comment" value="3. Initiate Analysis template Creation." /><property name="testrail_result_comment" value="4. Choose a template type (e.g., v3.1_product)." /><property name="testrail_result_comment" value="5. User click on next button" /><property name="testrail_result_comment" value="6. Enter analysis templates name." /><property name="testrail_result_comment" value="7. User click on next button" /><property name="testrail_result_comment" value="8. User click on next button" /><property name="testrail_result_comment" value="9. User click on create button" /><property name="testrail_result_comment" value="10. Verify the created analysis template name." /><property name="testrail_result_comment" value="11.Get the name of the first scan." /><property name="testrail_result_comment" value="12.delete first created analysis template." /><property name="testrail_result_comment" value="13.Verify that the deleted analysis template is not present." /></properties></testcase><testcase classname="tests.analysis_templates_test.test_delete_analysis_template.TestAnalysisTemplates.TestAnalysisTemplateDeletion" name="test_delete_analysis_template" file="tests\analysis_templates_test\test_delete_analysis_template.py" line="17" time="25.796"><properties><property name="testrail_result_comment" value="1. Logged in into application." /><property name="testrail_result_comment" value="2. Navigate to the Analysis templates module." /><property name="testrail_result_comment" value="3.Get the name of the first scan." /><property name="testrail_result_comment" value="4.delete first created analysis template." /><property name="testrail_result_comment" value="5.Verify that the deleted analysis template is not present." /></properties></testcase><testcase classname="tests.dashboard_test.test_dashboard.TestDashboardPage" name="test_check_elements_visibility" file="tests\dashboard_test\test_dashboard.py" line="17" time="12.165"><properties><property name="testrail_result_comment" value="1. Logged in into application." /><property name="testrail_result_comment" value="2. Navigate to the dashboard page." /><property name="testrail_result_comment" value="3. Check if the 'Scans' element is visible." /><property name="testrail_result_comment" value="4. Check if the 'Analysis Templates' element is visible." /><property name="testrail_result_comment" value="5. Check if the 'Analyses' element is visible." /><property name="testrail_result_comment" value="6. Verified visibility of elements." /></properties></testcase><testcase classname="tests.dashboard_test.test_dashboard.TestDashboardPage" name="test_check_dashboard_title_visibility" file="tests\dashboard_test\test_dashboard.py" line="32" time="10.672"><properties><property name="testrail_result_comment" value="1. Logged in into application." /><property name="testrail_result_comment" value="2. Navigate to the dashboard page." /><property name="testrail_result_comment" value="3. Check if the default title of the dashboard is visible." /><property name="testrail_result_comment" value="4. Verified visibility of the default dashboard title." /></properties></testcase><testcase classname="tests.dashboard_test.test_dashboard.TestDashboardPage" name="test_check_version_number_visibility" file="tests\dashboard_test\test_dashboard.py" line="42" time="10.856"><properties><property name="testrail_result_comment" value="1. Logged in into application." /><property name="testrail_result_comment" value="2. Navigate to the dashboard page." /><property name="testrail_result_comment" value="3. Check if the version number of the dashboard is visible." /><property name="testrail_result_comment" value="4. Verified visibility of the dashboard version number." /></properties></testcase><testcase classname="tests.dashboard_test.test_dashboard.TestDashboardPage" name="test_check_dashboard_title_style" file="tests\dashboard_test\test_dashboard.py" line="52" time="10.926"><properties><property name="testrail_result_comment" value="1. Logged in into application." /><property name="testrail_result_comment" value="2. Navigate to the dashboard page." /><property name="testrail_result_comment" value="3. Inspect the font style, size, and formatting of the dashboard title." /></properties></testcase><testcase classname="tests.reader_test.test_reader.TestAnalyses" name="test_check_reader_title_visibility" file="tests\reader_test\test_reader.py" line="19" time="12.817"><properties><property name="testrail_result_comment" value="1. Logged in into application." /><property name="testrail_result_comment" value="2. Navigate to the Reader module." /><property name="testrail_result_comment" value="3. Check if the default title of the reader is visible." /><property name="testrail_result_comment" value="4. Verified default title of the reader is visible." /></properties></testcase><testcase classname="tests.reader_test.test_reader.TestAnalyses" name="test_go_back_to_dashboard_from_reader_page" file="tests\reader_test\test_reader.py" line="30" time="16.728"><properties><property name="testrail_result_comment" value="1. Logged in into application." /><property name="testrail_result_comment" value="2. Navigate to the Reader feature." /><property name="testrail_result_comment" value="3. Click on 'back to dashboard' button." /><property name="testrail_result_comment" value="4. Verified User is successfully back to dashboard" /></properties></testcase><testcase classname="tests.reader_test.test_reader.TestAnalyses" name="test_default_view_displays_reader" file="tests\reader_test\test_reader.py" line="44" time="11.322"><properties><property name="testrail_result_comment" value="1. Logged in into application." /><property name="testrail_result_comment" value="2. Navigate to the Reader feature." /><property name="testrail_result_comment" value="3. Verified Analysis templates details visible" /></properties></testcase><testcase classname="tests.reader_test.test_reader.TestAnalyses" name="test_view_reader_options_details" file="tests\reader_test\test_reader.py" line="51" time="11.617"><properties><property name="testrail_result_comment" value="1. Logged in into application." /><property name="testrail_result_comment" value="2. Navigate to the Reader feature." /><property name="testrail_result_comment" value="3.verified Door column is visible." /><property name="testrail_result_comment" value="4. verified Serial Number column is visible." /></properties></testcase><testcase classname="tests.test_login.test_emptyFields.TestsLoginEmptyPage" name="test_login_with_empty_fields" file="tests\test_login\test_emptyFields.py" line="6" time="4.813"><properties><property name="testrail_result_comment" value="1. Navigate to the login page." /><property name="testrail_result_comment" value="2. Leave both the username and password fields empty." /><property name="testrail_result_comment" value="3. Click on the Login button." /></properties></testcase><testcase classname="tests.test_login.test_incorrectPassword.TestsIncorrectPasswordLogin" name="test_login_with_incorrect_password" file="tests\test_login\test_incorrectPassword.py" line="12" time="5.142"><properties><property name="testrail_result_comment" value="1. Navigate to the login page." /><property name="testrail_result_comment" value="2. Enter a valid username." /><property name="testrail_result_comment" value="3. Enter an incorrect password." /><property name="testrail_result_comment" value="4. Click on the Login button." /><property name="testrail_result_comment" value="5. Verified error message for incorrect password." /></properties></testcase><testcase classname="tests.test_login.test_incorrectUsername.TestsIncorrectLogin" name="test_login_with_incorrect_username" file="tests\test_login\test_incorrectUsername.py" line="12" time="5.248"><properties><property name="testrail_result_comment" value="1. Navigate to the login page." /><property name="testrail_result_comment" value="2. Enter an incorrect username." /><property name="testrail_result_comment" value="3. Enter a valid password." /><property name="testrail_result_comment" value="4. Click on the Login button." /><property name="testrail_result_comment" value="5. Verified error message for incorrect username." /></properties></testcase><testcase classname="tests.test_login.test_login.TestsLoginPage" name="test_login_in_to_webapp" file="tests\test_login\test_login.py" line="11" time="8.881"><properties><property name="testrail_result_comment" value="1. Enter Username into userName input field" /><property name="testrail_result_comment" value="2. Enter Password into password input field" /><property name="testrail_result_comment" value="3. Click on Login button" /><property name="testrail_result_comment" value="4. Verified User is successfully loggedIn" /></properties></testcase><testcase classname="tests.test_login.test_logout.TestsLoginPage" name="test_logout_from_webapp" file="tests\test_login\test_logout.py" line="12" time="7.131"><properties><property name="testrail_result_comment" value="1. Enter Username into userName input field" /><property name="testrail_result_comment" value="2. Enter Password into password input field" /><property name="testrail_result_comment" value="3. Click on Login button" /><property name="testrail_result_comment" value="4. Click on SignOut Button" /><property name="testrail_result_comment" value="5. Verified user is successfully logged out" /></properties></testcase><testcase classname="tests.test_scans.test_main_functionality.TestScansPage" name="test_next_button_not_enabled_for_blank_barcode" file="tests\test_scans\test_main_functionality.py" line="19" time="11.626"><properties><property name="testrail_result_comment" value="1. Logged in into application." /><property name="testrail_result_comment" value="2. Navigate to the Scans_Page feature." /><property name="testrail_result_comment" value="3. Initiate Scan Creation." /><property name="testrail_result_comment" value="4. Enter a blank barcode." /><property name="testrail_result_comment" value="5. Expected Result: 'Next' button should not be enabled." /></properties></testcase><testcase classname="tests.test_scans.test_main_functionality.TestScansPage" name="test_verify_v2barcode_information_visibility" file="tests\test_scans\test_main_functionality.py" line="34" time="13.568"><properties><property name="testrail_result_comment" value="1. Logged in into application." /><property name="testrail_result_comment" value="1. Navigate to the Scans_Page feature." /><property name="testrail_result_comment" value="2. Initiate Scan Creation." /><property name="testrail_result_comment" value="3. Enter a valid barcode." /><property name="testrail_result_comment" value="4. Verify barcode information is visible after entering a valid barcode" /></properties></testcase><testcase classname="tests.test_scans.test_main_functionality.TestScansPage" name="test_verify_v3barcode_information_visibility" file="tests\test_scans\test_main_functionality.py" line="51" time="13.774"><properties><property name="testrail_result_comment" value="1. Logged in into application." /><property name="testrail_result_comment" value="1. Navigate to the Scans_Page feature." /><property name="testrail_result_comment" value="2. Initiate Scan Creation." /><property name="testrail_result_comment" value="3. Enter a valid barcode." /><property name="testrail_result_comment" value="4. Verify barcode information is visible after entering a valid barcode" /></properties></testcase><testcase classname="tests.test_scans.test_main_functionality.TestScansPage" name="test_next_button_not_enabled_for_invalid_barcode" file="tests\test_scans\test_main_functionality.py" line="68" time="11.569"><properties><property name="testrail_result_comment" value="1. Logged in into application." /><property name="testrail_result_comment" value="2. Navigate to the Scans_Page feature." /><property name="testrail_result_comment" value="3. Initiate Scan Creation." /><property name="testrail_result_comment" value="4. Enter an invalid barcode." /><property name="testrail_result_comment" value="5. Expected Result: 'Next' button should not be enabled." /></properties></testcase><testcase classname="tests.test_scans.test_main_functionality.TestScansPage" name="test_next_button_enabled_for_valid_barcode" file="tests\test_scans\test_main_functionality.py" line="83" time="14.519"><properties><property name="testrail_result_comment" value="1. Logged in into application." /><property name="testrail_result_comment" value="2. Navigate to the Scans_Page feature." /><property name="testrail_result_comment" value="3. Initiate Scan Creation." /><property name="testrail_result_comment" value="4. Enter a valid barcode." /><property name="testrail_result_comment" value="5. Expected Result: 'Next' button should be enabled." /></properties></testcase><testcase classname="tests.test_scans.test_main_functionality.TestScansPage" name="test_blank_scan_name_next_button_not_enabled" file="tests\test_scans\test_main_functionality.py" line="99" time="14.640"><properties><property name="testrail_result_comment" value="1. Logged in into application." /><property name="testrail_result_comment" value="2. Navigate to the Scans_Page feature." /><property name="testrail_result_comment" value="3. Initiate Scan Creation." /><property name="testrail_result_comment" value="4. Enter a valid barcode." /><property name="testrail_result_comment" value="5. Check next button not enabled." /></properties></testcase><testcase classname="tests.test_scans.test_main_functionality.TestScansPage" name="test_scan_name_next_button_not_enabled" file="tests\test_scans\test_main_functionality.py" line="115" time="11.946"><properties><property name="testrail_result_comment" value="1. Logged in into application." /><property name="testrail_result_comment" value="2. Navigate to the Scans_Page feature." /><property name="testrail_result_comment" value="3. Initiate Scan Creation." /><property name="testrail_result_comment" value="4. Enter a valid barcode." /><property name="testrail_result_comment" value="5. Enter Scan Name." /><property name="testrail_result_comment" value="6. Check next button not enabled." /></properties></testcase><testcase classname="tests.test_scans.test_main_functionality.TestScansPage" name="test_next_button_enabled_after_entering_scan_details" file="tests\test_scans\test_main_functionality.py" line="133" time="12.819"><properties><property name="testrail_result_comment" value="1. Logged in into application." /><property name="testrail_result_comment" value="2. Navigate to the Scans_Page feature." /><property name="testrail_result_comment" value="3. Initiate Scan Creation." /><property name="testrail_result_comment" value="4. Enter a valid barcode." /><property name="testrail_attachment" value="reports\882284a8-73b6-474e-a9ff-f8426b8f58ad_screenshot.png" /><property name="testrail_attachment" value="reports\882284a8-73b6-474e-a9ff-f8426b8f58ad_browser_logs.json" /></properties><failure message="selenium.common.exceptions.ElementClickInterceptedException: Message: element click intercepted: Element &lt;button class=&quot;MuiButtonBase-root MuiButton-root MuiButton-contained MuiButton-containedSecondary MuiButton-sizeMedium MuiButton-containedSizeMedium Mui-disabled MuiButton-root MuiButton-contained MuiButton-containedSecondary MuiButton-sizeMedium MuiButton-containedSizeMedium css-13gqxuy&quot; tabindex=&quot;-1&quot; type=&quot;button&quot; disabled=&quot;&quot;&gt;...&lt;/button&gt; is not clickable at point (1315, 378). Other element would receive the click: &lt;div class=&quot;MuiBox-root css-sqn7ed&quot;&gt;...&lt;/div&gt;&#10;  (Session info: chrome=120.0.6099.225)&#10;Stacktrace:&#10;&#09;GetHandleVerifier [0x00756EE3+174339]&#10;&#09;(No symbol) [0x00680A51]&#10;&#09;(No symbol) [0x00396FF6]&#10;&#09;(No symbol) [0x003CE48E]&#10;&#09;(No symbol) [0x003CD09E]&#10;&#09;(No symbol) [0x003CB5F8]&#10;&#09;(No symbol) [0x003CAD7F]&#10;&#09;(No symbol) [0x003C2B4E]&#10;&#09;(No symbol) [0x003E700C]&#10;&#09;(No symbol) [0x003C25B0]&#10;&#09;(No symbol) [0x003E7414]&#10;&#09;(No symbol) [0x003FA104]&#10;&#09;(No symbol) [0x003E6DA6]&#10;&#09;(No symbol) [0x003C1034]&#10;&#09;(No symbol) [0x003C1F8D]&#10;&#09;GetHandleVerifier [0x007F4B1C+820540]&#10;&#09;sqlite3_dbdata_init [0x008B53EE+653550]&#10;&#09;sqlite3_dbdata_init [0x008B4E09+652041]&#10;&#09;sqlite3_dbdata_init [0x008A97CC+605388]&#10;&#09;sqlite3_dbdata_init [0x008B5D9B+656027]&#10;&#09;(No symbol) [0x0068FE6C]&#10;&#09;(No symbol) [0x006883B8]&#10;&#09;(No symbol) [0x006884DD]&#10;&#09;(No symbol) [0x00675818]&#10;&#09;BaseThreadInitThunk [0x76F100C9+25]&#10;&#09;RtlGetAppContainerNamedObjectPath [0x77677B4E+286]&#10;&#09;RtlGetAppContainerNamedObjectPath [0x77677B1E+238]">self = &lt;test_main_functionality.TestScansPage object at 0x0000028A37DA0FB0&gt;
browser_driver = &lt;selenium.webdriver.chrome.webdriver.WebDriver (session="20d3d176b2d59d296b27864fcc228d7b")&gt;
record_property = &lt;function record_property.&lt;locals&gt;.append_property at 0x0000028A37E42F20&gt;, setup = None

    def test_next_button_enabled_after_entering_scan_details(self, browser_driver: WebDriver, record_property, setup):
        scans_page = ScansPage(browser_driver)
        record_property("testrail_result_comment", "2. Navigate to the Scans_Page feature.")
        scans_page.click_view_scan_option()
    
        record_property("testrail_result_comment", "3. Initiate Scan Creation.")
        scans_page.initiate_scan_creation()
    
        record_property("testrail_result_comment", "4. Enter a valid barcode.")
    
&gt;       scans_page.enter_valid_barcode("WP234505")

brightestBio\tests\test_scans\test_main_functionality.py:144: 
_ _ _ _ _ _ _ _ _ _ _ _ _ _ _ _ _ _ _ _ _ _ _ _ _ _ _ _ _ _ _ _ _ _ _ _ _ _ _ _ _ _ _ _ _ _ _ _ _ _ _ _ _ _ _ _ _ _ _ _ _ _ _ _ _ _ _ _ _ _ _ _ _ _ _ _ _ _ _ _ _ _ _ _ _ _ _ _ _ _
brightestBio\pages\Scans\scan_page.py:79: in enter_valid_barcode
    self.click(self.next_button)
brightestBio\pages\common.py:23: in click
    self.find(locator).click()
..\..\..\test1\Lib\site-packages\selenium\webdriver\remote\webelement.py:93: in click
    self._execute(Command.CLICK_ELEMENT)
..\..\..\test1\Lib\site-packages\selenium\webdriver\remote\webelement.py:394: in _execute
    return self._parent.execute(command, params)
..\..\..\test1\Lib\site-packages\selenium\webdriver\remote\webdriver.py:347: in execute
    self.error_handler.check_response(response)
_ _ _ _ _ _ _ _ _ _ _ _ _ _ _ _ _ _ _ _ _ _ _ _ _ _ _ _ _ _ _ _ _ _ _ _ _ _ _ _ _ _ _ _ _ _ _ _ _ _ _ _ _ _ _ _ _ _ _ _ _ _ _ _ _ _ _ _ _ _ _ _ _ _ _ _ _ _ _ _ _ _ _ _ _ _ _ _ _ _

self = &lt;selenium.webdriver.remote.errorhandler.ErrorHandler object at 0x0000028A37E74050&gt;
response = {'status': 400, 'value': '{"value":{"error":"element click intercepted","message":"element click intercepted: Element ...\n\\tRtlGetAppContainerNamedObjectPath [0x77677B4E+286]\\n\\tRtlGetAppContainerNamedObjectPath [0x77677B1E+238]\\n"}}'}

    def check_response(self, response: Dict[str, Any]) -&gt; None:
        """Checks that a JSON response from the WebDriver does not have an
        error.
    
        :Args:
         - response - The JSON response from the WebDriver server as a dictionary
           object.
    
        :Raises: If the response contains an error message.
        """
        status = response.get("status", None)
        if not status or status == ErrorCode.SUCCESS:
            return
        value = None
        message = response.get("message", "")
        screen: str = response.get("screen", "")
        stacktrace = None
        if isinstance(status, int):
            value_json = response.get("value", None)
            if value_json and isinstance(value_json, str):
                import json
    
                try:
                    value = json.loads(value_json)
                    if len(value) == 1:
                        value = value["value"]
                    status = value.get("error", None)
                    if not status:
                        status = value.get("status", ErrorCode.UNKNOWN_ERROR)
                        message = value.get("value") or value.get("message")
                        if not isinstance(message, str):
                            value = message
                            message = message.get("message")
                    else:
                        message = value.get("message", None)
                except ValueError:
                    pass
    
        exception_class: Type[WebDriverException]
        e = ErrorCode()
        error_codes = [item for item in dir(e) if not item.startswith("__")]
        for error_code in error_codes:
            error_info = getattr(ErrorCode, error_code)
            if isinstance(error_info, list) and status in error_info:
                exception_class = getattr(ExceptionMapping, error_code, WebDriverException)
                break
        else:
            exception_class = WebDriverException
    
        if not value:
            value = response["value"]
        if isinstance(value, str):
            raise exception_class(value)
        if message == "" and "message" in value:
            message = value["message"]
    
        screen = None  # type: ignore[assignment]
        if "screen" in value:
            screen = value["screen"]
    
        stacktrace = None
        st_value = value.get("stackTrace") or value.get("stacktrace")
        if st_value:
            if isinstance(st_value, str):
                stacktrace = st_value.split("\n")
            else:
                stacktrace = []
                try:
                    for frame in st_value:
                        line = frame.get("lineNumber", "")
                        file = frame.get("fileName", "&lt;anonymous&gt;")
                        if line:
                            file = f"{file}:{line}"
                        meth = frame.get("methodName", "&lt;anonymous&gt;")
                        if "className" in frame:
                            meth = f"{frame['className']}.{meth}"
                        msg = "    at %s (%s)"
                        msg = msg % (meth, file)
                        stacktrace.append(msg)
                except TypeError:
                    pass
        if exception_class == UnexpectedAlertPresentException:
            alert_text = None
            if "data" in value:
                alert_text = value["data"].get("text")
            elif "alert" in value:
                alert_text = value["alert"].get("text")
            raise exception_class(message, screen, stacktrace, alert_text)  # type: ignore[call-arg]  # mypy is not smart enough here
&gt;       raise exception_class(message, screen, stacktrace)
E       selenium.common.exceptions.ElementClickInterceptedException: Message: element click intercepted: Element &lt;button class="MuiButtonBase-root MuiButton-root MuiButton-contained MuiButton-containedSecondary MuiButton-sizeMedium MuiButton-containedSizeMedium Mui-disabled MuiButton-root MuiButton-contained MuiButton-containedSecondary MuiButton-sizeMedium MuiButton-containedSizeMedium css-13gqxuy" tabindex="-1" type="button" disabled=""&gt;...&lt;/button&gt; is not clickable at point (1315, 378). Other element would receive the click: &lt;div class="MuiBox-root css-sqn7ed"&gt;...&lt;/div&gt;
E         (Session info: chrome=120.0.6099.225)
E       Stacktrace:
E       	GetHandleVerifier [0x00756EE3+174339]
E       	(No symbol) [0x00680A51]
E       	(No symbol) [0x00396FF6]
E       	(No symbol) [0x003CE48E]
E       	(No symbol) [0x003CD09E]
E       	(No symbol) [0x003CB5F8]
E       	(No symbol) [0x003CAD7F]
E       	(No symbol) [0x003C2B4E]
E       	(No symbol) [0x003E700C]
E       	(No symbol) [0x003C25B0]
E       	(No symbol) [0x003E7414]
E       	(No symbol) [0x003FA104]
E       	(No symbol) [0x003E6DA6]
E       	(No symbol) [0x003C1034]
E       	(No symbol) [0x003C1F8D]
E       	GetHandleVerifier [0x007F4B1C+820540]
E       	sqlite3_dbdata_init [0x008B53EE+653550]
E       	sqlite3_dbdata_init [0x008B4E09+652041]
E       	sqlite3_dbdata_init [0x008A97CC+605388]
E       	sqlite3_dbdata_init [0x008B5D9B+656027]
E       	(No symbol) [0x0068FE6C]
E       	(No symbol) [0x006883B8]
E       	(No symbol) [0x006884DD]
E       	(No symbol) [0x00675818]
E       	BaseThreadInitThunk [0x76F100C9+25]
E       	RtlGetAppContainerNamedObjectPath [0x77677B4E+286]
E       	RtlGetAppContainerNamedObjectPath [0x77677B1E+238]

..\..\..\test1\Lib\site-packages\selenium\webdriver\remote\errorhandler.py:229: ElementClickInterceptedException</failure></testcase><testcase classname="tests.test_scans.test_main_functionality.TestScansPage" name="test_verify_scans_details_in_review_page" file="tests\test_scans\test_main_functionality.py" line="154" time="12.980"><properties><property name="testrail_result_comment" value="1. Logged in into application." /><property name="testrail_result_comment" value="1. Navigate to the Scans_Page feature." /><property name="testrail_result_comment" value="2. Initiate Scan Creation." /><property name="testrail_result_comment" value="3. Enter a valid barcode." /><property name="testrail_attachment" value="reports\e5d37af5-652d-4c36-ab4a-57a0bb86c91f_screenshot.png" /><property name="testrail_attachment" value="reports\e5d37af5-652d-4c36-ab4a-57a0bb86c91f_browser_logs.json" /></properties><failure message="selenium.common.exceptions.ElementClickInterceptedException: Message: element click intercepted: Element &lt;button class=&quot;MuiButtonBase-root MuiButton-root MuiButton-contained MuiButton-containedSecondary MuiButton-sizeMedium MuiButton-containedSizeMedium Mui-disabled MuiButton-root MuiButton-contained MuiButton-containedSecondary MuiButton-sizeMedium MuiButton-containedSizeMedium css-13gqxuy&quot; tabindex=&quot;-1&quot; type=&quot;button&quot; disabled=&quot;&quot;&gt;...&lt;/button&gt; is not clickable at point (1315, 378). Other element would receive the click: &lt;div class=&quot;MuiBox-root css-sqn7ed&quot;&gt;...&lt;/div&gt;&#10;  (Session info: chrome=120.0.6099.225)&#10;Stacktrace:&#10;&#09;GetHandleVerifier [0x00756EE3+174339]&#10;&#09;(No symbol) [0x00680A51]&#10;&#09;(No symbol) [0x00396FF6]&#10;&#09;(No symbol) [0x003CE48E]&#10;&#09;(No symbol) [0x003CD09E]&#10;&#09;(No symbol) [0x003CB5F8]&#10;&#09;(No symbol) [0x003CAD7F]&#10;&#09;(No symbol) [0x003C2B4E]&#10;&#09;(No symbol) [0x003E700C]&#10;&#09;(No symbol) [0x003C25B0]&#10;&#09;(No symbol) [0x003E7414]&#10;&#09;(No symbol) [0x003FA104]&#10;&#09;(No symbol) [0x003E6DA6]&#10;&#09;(No symbol) [0x003C1034]&#10;&#09;(No symbol) [0x003C1F8D]&#10;&#09;GetHandleVerifier [0x007F4B1C+820540]&#10;&#09;sqlite3_dbdata_init [0x008B53EE+653550]&#10;&#09;sqlite3_dbdata_init [0x008B4E09+652041]&#10;&#09;sqlite3_dbdata_init [0x008A97CC+605388]&#10;&#09;sqlite3_dbdata_init [0x008B5D9B+656027]&#10;&#09;(No symbol) [0x0068FE6C]&#10;&#09;(No symbol) [0x006883B8]&#10;&#09;(No symbol) [0x006884DD]&#10;&#09;(No symbol) [0x00675818]&#10;&#09;BaseThreadInitThunk [0x76F100C9+25]&#10;&#09;RtlGetAppContainerNamedObjectPath [0x77677B4E+286]&#10;&#09;RtlGetAppContainerNamedObjectPath [0x77677B1E+238]">self = &lt;test_main_functionality.TestScansPage object at 0x0000028A37DA1130&gt;
browser_driver = &lt;selenium.webdriver.chrome.webdriver.WebDriver (session="5f54ea1f03528590e7f29ef0f4b6ff12")&gt;
record_property = &lt;function record_property.&lt;locals&gt;.append_property at 0x0000028A37ED6200&gt;, setup = None

    def test_verify_scans_details_in_review_page(self, browser_driver, record_property, setup):
        scans_page = ScansPage(browser_driver)
        record_property("testrail_result_comment", "1. Navigate to the Scans_Page feature.")
        scans_page.click_view_scan_option()
    
        record_property("testrail_result_comment", "2. Initiate Scan Creation.")
        scans_page.initiate_scan_creation()
    
        record_property("testrail_result_comment", "3. Enter a valid barcode.")
&gt;       scans_page.enter_valid_barcode("WP234501")

brightestBio\tests\test_scans\test_main_functionality.py:164: 
_ _ _ _ _ _ _ _ _ _ _ _ _ _ _ _ _ _ _ _ _ _ _ _ _ _ _ _ _ _ _ _ _ _ _ _ _ _ _ _ _ _ _ _ _ _ _ _ _ _ _ _ _ _ _ _ _ _ _ _ _ _ _ _ _ _ _ _ _ _ _ _ _ _ _ _ _ _ _ _ _ _ _ _ _ _ _ _ _ _
brightestBio\pages\Scans\scan_page.py:79: in enter_valid_barcode
    self.click(self.next_button)
brightestBio\pages\common.py:23: in click
    self.find(locator).click()
..\..\..\test1\Lib\site-packages\selenium\webdriver\remote\webelement.py:93: in click
    self._execute(Command.CLICK_ELEMENT)
..\..\..\test1\Lib\site-packages\selenium\webdriver\remote\webelement.py:394: in _execute
    return self._parent.execute(command, params)
..\..\..\test1\Lib\site-packages\selenium\webdriver\remote\webdriver.py:347: in execute
    self.error_handler.check_response(response)
_ _ _ _ _ _ _ _ _ _ _ _ _ _ _ _ _ _ _ _ _ _ _ _ _ _ _ _ _ _ _ _ _ _ _ _ _ _ _ _ _ _ _ _ _ _ _ _ _ _ _ _ _ _ _ _ _ _ _ _ _ _ _ _ _ _ _ _ _ _ _ _ _ _ _ _ _ _ _ _ _ _ _ _ _ _ _ _ _ _

self = &lt;selenium.webdriver.remote.errorhandler.ErrorHandler object at 0x0000028A37E5E930&gt;
response = {'status': 400, 'value': '{"value":{"error":"element click intercepted","message":"element click intercepted: Element ...\n\\tRtlGetAppContainerNamedObjectPath [0x77677B4E+286]\\n\\tRtlGetAppContainerNamedObjectPath [0x77677B1E+238]\\n"}}'}

    def check_response(self, response: Dict[str, Any]) -&gt; None:
        """Checks that a JSON response from the WebDriver does not have an
        error.
    
        :Args:
         - response - The JSON response from the WebDriver server as a dictionary
           object.
    
        :Raises: If the response contains an error message.
        """
        status = response.get("status", None)
        if not status or status == ErrorCode.SUCCESS:
            return
        value = None
        message = response.get("message", "")
        screen: str = response.get("screen", "")
        stacktrace = None
        if isinstance(status, int):
            value_json = response.get("value", None)
            if value_json and isinstance(value_json, str):
                import json
    
                try:
                    value = json.loads(value_json)
                    if len(value) == 1:
                        value = value["value"]
                    status = value.get("error", None)
                    if not status:
                        status = value.get("status", ErrorCode.UNKNOWN_ERROR)
                        message = value.get("value") or value.get("message")
                        if not isinstance(message, str):
                            value = message
                            message = message.get("message")
                    else:
                        message = value.get("message", None)
                except ValueError:
                    pass
    
        exception_class: Type[WebDriverException]
        e = ErrorCode()
        error_codes = [item for item in dir(e) if not item.startswith("__")]
        for error_code in error_codes:
            error_info = getattr(ErrorCode, error_code)
            if isinstance(error_info, list) and status in error_info:
                exception_class = getattr(ExceptionMapping, error_code, WebDriverException)
                break
        else:
            exception_class = WebDriverException
    
        if not value:
            value = response["value"]
        if isinstance(value, str):
            raise exception_class(value)
        if message == "" and "message" in value:
            message = value["message"]
    
        screen = None  # type: ignore[assignment]
        if "screen" in value:
            screen = value["screen"]
    
        stacktrace = None
        st_value = value.get("stackTrace") or value.get("stacktrace")
        if st_value:
            if isinstance(st_value, str):
                stacktrace = st_value.split("\n")
            else:
                stacktrace = []
                try:
                    for frame in st_value:
                        line = frame.get("lineNumber", "")
                        file = frame.get("fileName", "&lt;anonymous&gt;")
                        if line:
                            file = f"{file}:{line}"
                        meth = frame.get("methodName", "&lt;anonymous&gt;")
                        if "className" in frame:
                            meth = f"{frame['className']}.{meth}"
                        msg = "    at %s (%s)"
                        msg = msg % (meth, file)
                        stacktrace.append(msg)
                except TypeError:
                    pass
        if exception_class == UnexpectedAlertPresentException:
            alert_text = None
            if "data" in value:
                alert_text = value["data"].get("text")
            elif "alert" in value:
                alert_text = value["alert"].get("text")
            raise exception_class(message, screen, stacktrace, alert_text)  # type: ignore[call-arg]  # mypy is not smart enough here
&gt;       raise exception_class(message, screen, stacktrace)
E       selenium.common.exceptions.ElementClickInterceptedException: Message: element click intercepted: Element &lt;button class="MuiButtonBase-root MuiButton-root MuiButton-contained MuiButton-containedSecondary MuiButton-sizeMedium MuiButton-containedSizeMedium Mui-disabled MuiButton-root MuiButton-contained MuiButton-containedSecondary MuiButton-sizeMedium MuiButton-containedSizeMedium css-13gqxuy" tabindex="-1" type="button" disabled=""&gt;...&lt;/button&gt; is not clickable at point (1315, 378). Other element would receive the click: &lt;div class="MuiBox-root css-sqn7ed"&gt;...&lt;/div&gt;
E         (Session info: chrome=120.0.6099.225)
E       Stacktrace:
E       	GetHandleVerifier [0x00756EE3+174339]
E       	(No symbol) [0x00680A51]
E       	(No symbol) [0x00396FF6]
E       	(No symbol) [0x003CE48E]
E       	(No symbol) [0x003CD09E]
E       	(No symbol) [0x003CB5F8]
E       	(No symbol) [0x003CAD7F]
E       	(No symbol) [0x003C2B4E]
E       	(No symbol) [0x003E700C]
E       	(No symbol) [0x003C25B0]
E       	(No symbol) [0x003E7414]
E       	(No symbol) [0x003FA104]
E       	(No symbol) [0x003E6DA6]
E       	(No symbol) [0x003C1034]
E       	(No symbol) [0x003C1F8D]
E       	GetHandleVerifier [0x007F4B1C+820540]
E       	sqlite3_dbdata_init [0x008B53EE+653550]
E       	sqlite3_dbdata_init [0x008B4E09+652041]
E       	sqlite3_dbdata_init [0x008A97CC+605388]
E       	sqlite3_dbdata_init [0x008B5D9B+656027]
E       	(No symbol) [0x0068FE6C]
E       	(No symbol) [0x006883B8]
E       	(No symbol) [0x006884DD]
E       	(No symbol) [0x00675818]
E       	BaseThreadInitThunk [0x76F100C9+25]
E       	RtlGetAppContainerNamedObjectPath [0x77677B4E+286]
E       	RtlGetAppContainerNamedObjectPath [0x77677B1E+238]

..\..\..\test1\Lib\site-packages\selenium\webdriver\remote\errorhandler.py:229: ElementClickInterceptedException</failure></testcase><testcase classname="tests.test_scans.test_main_functionality.TestScansPage" name="test_go_back_to_dashboard_from_scan_page" file="tests\test_scans\test_main_functionality.py" line="181" time="15.903"><properties><property name="testrail_result_comment" value="1. Logged in into application." /><property name="testrail_result_comment" value="2. Navigate to the Scans_Page module." /><property name="testrail_result_comment" value="4. Verified User is successfully loggedIn" /></properties></testcase><testcase classname="tests.test_scans.test_scan_creation.TestScanCreation" name="test_v_3_scan_creation_flow" file="tests\test_scans\test_scan_creation.py" line="18" time="18.762"><properties><property name="testrail_result_comment" value="1. Logged in into application." /><property name="testrail_result_comment" value="2. Navigate to the Scans_Page feature." /><property name="testrail_result_comment" value="3. Initiate Scan Creation." /><property name="testrail_result_comment" value="4. Enter valid barcode and click on 'Next'." /><property name="testrail_result_comment" value="5. Enter scan name." /><property name="testrail_result_comment" value="6. Select a value from the reader dropdown." /><property name="testrail_result_comment" value="7. On the Scan Details page, select 'Select All'." /><property name="testrail_result_comment" value="8. Click on next button." /><property name="testrail_result_comment" value="9. Click on 'Create' Button." /><property name="testrail_result_comment" value="10. Verify the created scan name." /></properties></testcase><testcase classname="tests.test_scans.test_scan_creation.TestScanCreation" name="test_v_2_scan_creation_flow" file="tests\test_scans\test_scan_creation.py" line="51" time="18.446"><properties><property name="testrail_result_comment" value="1. Logged in into application." /><property name="testrail_result_comment" value="2. Navigate to the Scans_Page feature." /><property name="testrail_result_comment" value="3. Initiate Scan Creation." /><property name="testrail_result_comment" value="4. Enter valid barcode and click on 'Next'." /><property name="testrail_result_comment" value="5. Enter scan name." /><property name="testrail_result_comment" value="6. Select a value from the reader dropdown." /><property name="testrail_result_comment" value="7. On the Scan Details page, select 'Select All'." /><property name="testrail_result_comment" value="8. Click on next button." /><property name="testrail_result_comment" value="9. Click on 'Create' Button." /><property name="testrail_result_comment" value="10. Verify the created scan name." /></properties></testcase><testcase classname="tests.test_scans.test_scans_module.TestScanDetailsAndSettings" name="test_view_scan_details" file="tests\test_scans\test_scans_module.py" line="17" time="11.412"><properties><property name="testrail_result_comment" value="1. Logged in into application." /><property name="testrail_result_comment" value="2. Navigate to the Scans module." /><property name="testrail_result_comment" value="3. Date column is visible." /><property name="testrail_result_comment" value="4. Status column is visible." /><property name="testrail_result_comment" value="5. ID column is visible." /><property name="testrail_result_comment" value="6. Name column is visible." /></properties></testcase><testcase classname="tests.test_scans.test_scans_module.TestScanDetailsAndSettings" name="test_scan_settings" file="tests\test_scans\test_scans_module.py" line="31" time="20.006"><properties><property name="testrail_result_comment" value="1. Logged in into application." /><property name="testrail_result_comment" value="2. Navigate to the Scans module." /><property name="testrail_result_comment" value="3. Click on Setting Button." /><property name="testrail_result_comment" value="4. Uncheck ID checkbox." /><property name="testrail_result_comment" value="5. Refresh the Page." /><property name="testrail_result_comment" value="6. Verify ID column doesn't exist." /></properties></testcase><testcase classname="tests.test_scans.test_scans_module.TestScanDetailsAndSettings" name="test_settings_icon_visibility_under_scans" file="tests\test_scans\test_scans_module.py" line="45" time="11.316"><properties><property name="testrail_result_comment" value="1. Logged in into application." /><property name="testrail_result_comment" value="2. Navigate to the Scans_Page module." /><property name="testrail_result_comment" value="3. Click on Setting Button" /></properties></testcase><testcase classname="tests.test_scans.test_scans_module.TestScanDetailsAndSettings" name="test_default_view_displays_scans" file="tests\test_scans\test_scans_module.py" line="53" time="11.273"><properties><property name="testrail_result_comment" value="1. Logged in into application." /><property name="testrail_result_comment" value="2. Navigate to the Scans_Page module." /><property name="testrail_result_comment" value="6. Verify Scans details visible" /></properties></testcase><testcase classname="tests.test_scans.test_wall_options.TestScanCases" name="test_select_well_option" file="tests\test_scans\test_wall_options.py" line="18" time="35.622"><properties><property name="testrail_result_comment" value="1. Logged in into application." /><property name="testrail_result_comment" value="1. Navigate to the Scans_Page feature." /><property name="testrail_result_comment" value="2. Initiate Scan Creation." /><property name="testrail_result_comment" value="3. Enter a valid barcode." /><property name="testrail_result_comment" value="4. Enter scan name." /><property name="testrail_result_comment" value="5. Select a value from the reader dropdown." /><property name="testrail_result_comment" value="6. Verified user able to select points in wall." /></properties></testcase><testcase classname="tests.test_scans.test_wall_options.TestScanCases" name="test_select_well_option_shift_key" file="tests\test_scans\test_wall_options.py" line="46" time="36.448"><properties><property name="testrail_result_comment" value="1. Logged in into application." /><property name="testrail_result_comment" value="1. Navigate to the Scans_Page feature." /><property name="testrail_result_comment" value="2. Initiate Scan Creation." /><property name="testrail_result_comment" value="3. Enter a valid barcode." /><property name="testrail_result_comment" value="4. Enter scan name." /><property name="testrail_result_comment" value="5. Select a value from the reader dropdown." /><property name="testrail_result_comment" value="6. Verified user able to select points in wall." /></properties></testcase><testcase classname="tests.test_scans.test_wall_options.TestScanCases" name="test_select_all_wells_option" file="tests\test_scans\test_wall_options.py" line="74" time="15.284"><properties><property name="testrail_result_comment" value="1. Logged in into application." /><property name="testrail_result_comment" value="1. Navigate to the Scans_Page feature." /><property name="testrail_result_comment" value="2. Initiate Scan Creation." /><property name="testrail_result_comment" value="3. Enter a valid barcode." /><property name="testrail_result_comment" value="4. Enter scan name." /><property name="testrail_result_comment" value="5. Select a value from the reader dropdown." /><property name="testrail_result_comment" value="6. click on Select ALl option." /><property name="testrail_result_comment" value="7. Verify user able to select all point in wall." /></properties></testcase></testsuite></testsuites>